<?xml version="1.0" encoding="UTF-8"?>
<robot generator="Robot 7.3.2 (Python 3.11.0 on win32)" generated="2026-02-17T11:52:05.112159" rpa="false" schemaversion="5">
<suite id="s1" name="SetupTearDown" source="C:\Users\GENIUS\IdeaProjects\robotframewoerkexemple1\test_cases\SetupTearDown.robot">
<kw name="Log To Console" owner="BuiltIn" type="SETUP">
<arg>Open Browser</arg>
<doc>Logs the given message to the console.</doc>
<status status="PASS" start="2026-02-17T11:52:05.357358" elapsed="0.000000"/>
</kw>
<test id="s1-t1" name="TC1" line="13">
<kw name="Log To Console" owner="BuiltIn" type="SETUP">
<arg>Login</arg>
<doc>Logs the given message to the console.</doc>
<status status="PASS" start="2026-02-17T11:52:05.358390" elapsed="0.000000"/>
</kw>
<kw name="Log To Console" owner="BuiltIn">
<arg>Home page</arg>
<doc>Logs the given message to the console.</doc>
<status status="PASS" start="2026-02-17T11:52:05.358390" elapsed="0.000000"/>
</kw>
<kw name="Log To Console" owner="BuiltIn" type="TEARDOWN">
<arg>logout</arg>
<doc>Logs the given message to the console.</doc>
<status status="PASS" start="2026-02-17T11:52:05.358390" elapsed="0.000000"/>
</kw>
<status status="PASS" start="2026-02-17T11:52:05.357358" elapsed="0.001032"/>
</test>
<test id="s1-t2" name="TC2" line="15">
<kw name="Log To Console" owner="BuiltIn" type="SETUP">
<arg>Login</arg>
<doc>Logs the given message to the console.</doc>
<status status="PASS" start="2026-02-17T11:52:05.359434" elapsed="0.000000"/>
</kw>
<kw name="Log To Console" owner="BuiltIn">
<arg>About us</arg>
<doc>Logs the given message to the console.</doc>
<status status="PASS" start="2026-02-17T11:52:05.359434" elapsed="0.000000"/>
</kw>
<kw name="Log To Console" owner="BuiltIn" type="TEARDOWN">
<arg>logout</arg>
<doc>Logs the given message to the console.</doc>
<status status="PASS" start="2026-02-17T11:52:05.359434" elapsed="0.000000"/>
</kw>
<status status="PASS" start="2026-02-17T11:52:05.359434" elapsed="0.000000"/>
</test>
<test id="s1-t3" name="TC3" line="17">
<kw name="Log To Console" owner="BuiltIn" type="SETUP">
<arg>Login</arg>
<doc>Logs the given message to the console.</doc>
<status status="PASS" start="2026-02-17T11:52:05.360443" elapsed="0.000000"/>
</kw>
<kw name="Log To Console" owner="BuiltIn">
<arg>Contact Us</arg>
<doc>Logs the given message to the console.</doc>
<status status="PASS" start="2026-02-17T11:52:05.360443" elapsed="0.000000"/>
</kw>
<kw name="Log To Console" owner="BuiltIn" type="TEARDOWN">
<arg>logout</arg>
<doc>Logs the given message to the console.</doc>
<status status="PASS" start="2026-02-17T11:52:05.360443" elapsed="0.000000"/>
</kw>
<status status="PASS" start="2026-02-17T11:52:05.360443" elapsed="0.000988"/>
</test>
<kw name="Log To Console" owner="BuiltIn" type="TEARDOWN">
<arg>Close Browser</arg>
<doc>Logs the given message to the console.</doc>
<status status="PASS" start="2026-02-17T11:52:05.361431" elapsed="0.000000"/>
</kw>
<status status="PASS" start="2026-02-17T11:52:05.115153" elapsed="0.246278"/>
</suite>
<statistics>
<total>
<stat pass="3" fail="0" skip="0">All Tests</stat>
</total>
<tag>
</tag>
<suite>
<stat name="SetupTearDown" id="s1" pass="3" fail="0" skip="0">SetupTearDown</stat>
</suite>
</statistics>
<errors>
</errors>
</robot>
